<?xml version="1.0" encoding="UTF-8"?>
<!-- Generated by org.testng.reporters.JUnitReportReporter -->
<testsuite hostname="tardigrade" failures="0" tests="1" name="langauage.langauageTest" time="8.871" errors="0" timestamp="2022-06-07T11:33:09 IST" skipped="0">
  <testcase classname="langauage.langauageTest" name="RunsaveImages" time="8.871"/>
  <system-out/>
</testsuite> <!-- langauage.langauageTest -->
