<?xml version="1.0" encoding="UTF-8"?>
<!-- Generated by org.testng.reporters.JUnitReportReporter -->
<testsuite hostname="tardigrade" failures="0" tests="1" name="SignUp.SignUpTest" time="4.585" errors="0" timestamp="2022-06-07T11:09:21 IST" skipped="0">
  <testcase classname="SignUp.SignUpTest" name="SignUpRunning" time="4.585"/>
  <system-out/>
</testsuite> <!-- SignUp.SignUpTest -->
