<?xml version="1.0" encoding="UTF-8"?>
<!-- Generated by org.testng.reporters.JUnitReportReporter -->
<testsuite hostname="tardigrade" failures="0" tests="1" name="editimage.EditImageTest" time="45.340" errors="0" timestamp="2022-06-08T07:42:40 IST" skipped="0">
  <testcase classname="editimage.EditImageTest" name="EditImage" time="45.340"/>
  <system-out/>
</testsuite> <!-- editimage.EditImageTest -->
