<?xml version="1.0" encoding="UTF-8"?>
<!-- Generated by org.testng.reporters.JUnitReportReporter -->
<testsuite hostname="tardigrade" failures="0" tests="1" name="Neagavtive.testSignin" time="6.583" errors="0" timestamp="2022-06-07T11:44:10 IST" skipped="0">
  <testcase classname="Neagavtive.testSignin" name="Sigineag" time="6.583"/>
  <system-out/>
</testsuite> <!-- Neagavtive.testSignin -->
