<?xml version="1.0" encoding="UTF-8"?>
<!-- Generated by org.testng.reporters.JUnitReportReporter -->
<testsuite hostname="DESKTOP-4OH5PF9" failures="0" tests="1" name="store.POSTPlaceOrderForPET" time="7.578" errors="0" timestamp="2022-06-03T09:31:47 IST" skipped="0">
  <testcase classname="store.POSTPlaceOrderForPET" name="POSTplaceorder" time="7.578"/>
  <system-out/>
</testsuite> <!-- store.POSTPlaceOrderForPET -->
