<?xml version="1.0" encoding="UTF-8"?>
<!-- Generated by org.testng.reporters.JUnitReportReporter -->
<testsuite hostname="tardigrade" failures="0" tests="1" name="Pet.GETPetByStatus" time="3.350" errors="0" timestamp="2022-06-09T15:17:59 IST" skipped="0">
  <testcase classname="Pet.GETPetByStatus" name="GETpetBystatus" time="3.350"/>
  <system-out/>
</testsuite> <!-- Pet.GETPetByStatus -->
