<?xml version="1.0" encoding="UTF-8"?>
<!-- Generated by org.testng.reporters.JUnitReportReporter -->
<testsuite hostname="DESKTOP-4OH5PF9" failures="0" tests="1" name="User.PUTupdateUser" time="6.392" errors="0" timestamp="2022-06-02T22:18:59 IST" skipped="0">
  <testcase classname="User.PUTupdateUser" name="UpdatePUTuser" time="6.392"/>
  <system-out/>
</testsuite> <!-- User.PUTupdateUser -->
