<?xml version="1.0" encoding="UTF-8"?>
<!-- Generated by org.testng.reporters.JUnitReportReporter -->
<testsuite hostname="tardigrade" failures="0" tests="1" name="Pet.POSTupdatePET" time="3.318" errors="0" timestamp="2022-06-09T14:39:23 IST" skipped="0">
  <testcase classname="Pet.POSTupdatePET" name="POSTupdatePET" time="3.318"/>
  <system-out/>
</testsuite> <!-- Pet.POSTupdatePET -->
