<?xml version="1.0" encoding="UTF-8"?>
<!-- Generated by org.testng.reporters.JUnitReportReporter -->
<testsuite hostname="DESKTOP-4OH5PF9" failures="0" tests="1" name="PetSprint.GETPetByID" time="5.657" errors="0" timestamp="2022-06-02T13:00:29 IST" skipped="0">
  <testcase classname="PetSprint.GETPetByID" name="GetPET" time="5.657"/>
  <system-out/>
</testsuite> <!-- PetSprint.GETPetByID -->
