<?xml version="1.0" encoding="UTF-8"?>
<!-- Generated by org.testng.reporters.JUnitReportReporter -->
<testsuite hostname="DESKTOP-4OH5PF9" failures="0" tests="1" name="User.GETByUsername" time="6.325" errors="0" timestamp="2022-06-02T21:32:11 IST" skipped="0">
  <testcase classname="User.GETByUsername" name="GETByUsername" time="6.325"/>
  <system-out/>
</testsuite> <!-- User.GETByUsername -->
