<?xml version="1.0" encoding="UTF-8"?>
<!-- Generated by org.testng.reporters.JUnitReportReporter -->
<testsuite hostname="tardigrade" failures="0" tests="1" name="Pet.PostAddPet" time="4.049" errors="0" timestamp="2022-06-09T14:39:08 IST" skipped="0">
  <testcase classname="Pet.PostAddPet" name="Postaddpet" time="4.049"/>
  <system-out/>
</testsuite> <!-- Pet.PostAddPet -->
