<?xml version="1.0" encoding="UTF-8"?>
<!-- Generated by org.testng.reporters.JUnitReportReporter -->
<testsuite hostname="tardigrade" failures="0" tests="1" name="User.POSTcreateUser" time="3.766" errors="0" timestamp="2022-06-09T14:45:53 IST" skipped="0">
  <testcase classname="User.POSTcreateUser" name="PostCreateUser" time="3.766"/>
  <system-out/>
</testsuite> <!-- User.POSTcreateUser -->
