<?xml version="1.0" encoding="UTF-8"?>
<!-- Generated by org.testng.reporters.JUnitReportReporter -->
<testsuite hostname="tardigrade" failures="0" tests="1" name="Pet.GETPetByID" time="3.467" errors="0" timestamp="2022-06-09T14:59:05 IST" skipped="0">
  <testcase classname="Pet.GETPetByID" name="GetPET" time="3.467"/>
  <system-out/>
</testsuite> <!-- Pet.GETPetByID -->
