<?xml version="1.0" encoding="UTF-8"?>
<!-- Generated by org.testng.reporters.JUnitReportReporter -->
<testsuite hostname="tardigrade" failures="0" tests="1" name="Pet.DeletePET" time="3.279" errors="0" timestamp="2022-06-09T14:52:57 IST" skipped="0">
  <testcase classname="Pet.DeletePET" name="DeletePet" time="3.279"/>
  <system-out/>
</testsuite> <!-- Pet.DeletePET -->
