<?xml version="1.0" encoding="UTF-8"?>
<!-- Generated by org.testng.reporters.JUnitReportReporter -->
<testsuite hostname="DESKTOP-4OH5PF9" failures="0" tests="1" name="Negative.NegativeAuthentication" time="4.943" errors="0" timestamp="2022-06-05T17:06:49 IST" skipped="0">
  <testcase classname="Negative.NegativeAuthentication" name="BasicAuth" time="4.943"/>
  <system-out/>
</testsuite> <!-- Negative.NegativeAuthentication -->
