<?xml version="1.0" encoding="UTF-8"?>
<!-- Generated by org.testng.reporters.JUnitReportReporter -->
<testsuite hostname="DESKTOP-4OH5PF9" failures="0" tests="1" name="store.GETpurchaseByID" time="7.448" errors="0" timestamp="2022-06-03T09:36:32 IST" skipped="0">
  <testcase classname="store.GETpurchaseByID" name="GETOrderByID" time="7.448"/>
  <system-out/>
</testsuite> <!-- store.GETpurchaseByID -->
