<?xml version="1.0" encoding="UTF-8"?>
<!-- Generated by org.testng.reporters.JUnitReportReporter -->
<testsuite hostname="DESKTOP-4OH5PF9" failures="0" tests="1" name="BasicAuthentication" time="12.103" errors="0" timestamp="2022-06-02T21:40:06 IST" skipped="0">
  <testcase classname="BasicAuthentication" name="BasicAuth" time="12.103"/>
  <system-out/>
</testsuite> <!-- BasicAuthentication -->
