<?xml version="1.0" encoding="UTF-8"?>
<!-- Generated by org.testng.reporters.JUnitReportReporter -->
<testsuite hostname="DESKTOP-4OH5PF9" failures="0" tests="1" name="store.DeletePurchaseByID" time="6.454" errors="0" timestamp="2022-06-02T15:56:35 IST" skipped="0">
  <testcase classname="store.DeletePurchaseByID" name="DeletePet" time="6.454"/>
  <system-out/>
</testsuite> <!-- store.DeletePurchaseByID -->
